manifest_merge_blame_file/debug/manifest-merger-blame-debug-report.txt
1<?xml version="1.0" encoding="utf-8"?>
2<manifest xmlns:android="http://schemas.android.com/apk/res/android"
3    package="com.example.com_437airbornebutton"
4    android:versionCode="1"
5    android:versionName="1.0" >
6
7    <uses-sdk
8        android:minSdkVersion="28"
8-->src\main\AndroidManifest.xml
9        android:targetSdkVersion="32" />
9-->src\main\AndroidManifest.xml
10
11    <application
11-->src\main\AndroidManifest.xml:6:5-21:19
12        android:allowBackup="true"
12-->src\main\AndroidManifest.xml:7:9-35
13        android:appComponentFactory="android.support.v4.app.CoreComponentFactory"
13-->[com.android.support:support-compat:28.0.0] AndroidManifest.xml:22:18-91
14        android:dataExtractionRules="@xml/data_extraction_rules"
14-->src\main\AndroidManifest.xml:8:9-65
15        android:debuggable="true"
16        android:extractNativeLibs="false"
17        android:fullBackupContent="@xml/backup_rules"
17-->src\main\AndroidManifest.xml:9:9-54
18        android:icon="@mipmap/ic_launcher"
18-->src\main\AndroidManifest.xml:10:9-43
19        android:label="@string/app_name"
19-->src\main\AndroidManifest.xml:11:9-41
20        android:roundIcon="@mipmap/ic_launcher_round"
20-->src\main\AndroidManifest.xml:12:9-54
21        android:supportsRtl="true"
21-->src\main\AndroidManifest.xml:13:9-35
22        android:theme="@style/Theme.COM437AIRBORNEBUTTON" >
22-->src\main\AndroidManifest.xml:14:9-58
23        <activity
23-->src\main\AndroidManifest.xml:16:9-20:77
24            android:name="com.example.com_437airbornebutton.AirborneButton437"
24-->src\main\AndroidManifest.xml:17:13-46
25            android:exported="false"
25-->src\main\AndroidManifest.xml:18:13-37
26            android:label="@string/title_activity_airborne_button437"
26-->src\main\AndroidManifest.xml:19:13-70
27            android:theme="@style/Theme.COM437AIRBORNEBUTTON.NoActionBar" />
27-->src\main\AndroidManifest.xml:20:13-74
28    </application>
29
30</manifest>